<?xml version="1.0" encoding="UTF-8"?>
<testsuite name="com.fetch.receipts.ReceiptsApplicationTests" tests="1" skipped="0" failures="0" errors="0" timestamp="2025-02-10T19:25:39" hostname="Branans-MacBook-Pro.local" time="0.41">
  <properties/>
  <testcase name="contextLoads()" classname="com.fetch.receipts.ReceiptsApplicationTests" time="0.41"/>
  <system-out><![CDATA[14:25:38.783 [Test worker] INFO org.springframework.test.context.support.AnnotationConfigContextLoaderUtils -- Could not detect default configuration classes for test class [com.fetch.receipts.ReceiptsApplicationTests]: ReceiptsApplicationTests does not declare any static, non-private, non-final, nested classes annotated with @Configuration.
14:25:38.819 [Test worker] INFO org.springframework.boot.test.context.SpringBootTestContextBootstrapper -- Found @SpringBootConfiguration com.fetch.receipts.ReceiptsApplication for test class com.fetch.receipts.ReceiptsApplicationTests

  .   ____          _            __ _ _
 /\\ / ___'_ __ _ _(_)_ __  __ _ \ \ \ \
( ( )\___ | '_ | '_| | '_ \/ _` | \ \ \ \
 \\/  ___)| |_)| | | | | || (_| |  ) ) ) )
  '  |____| .__|_| |_|_| |_\__, | / / / /
 =========|_|==============|___/=/_/_/_/

 :: Spring Boot ::                (v3.4.2)

2025-02-10T14:25:38.953-05:00  WARN 17957 --- [receipts] [    Test worker] ory$DuplicateJsonObjectContextCustomizer : 

Found multiple occurrences of org.json.JSONObject on the class path:

	jar:file:/Users/branansmith/.gradle/caches/modules-2/files-2.1/org.json/json/20231013/e22e0c040fe16f04ffdb85d851d77b07fc05ea52/json-20231013.jar!/org/json/JSONObject.class
	jar:file:/Users/branansmith/.gradle/caches/modules-2/files-2.1/com.vaadin.external.google/android-json/0.0.20131108.vaadin1/fa26d351fe62a6a17f5cda1287c1c6110dec413f/android-json-0.0.20131108.vaadin1.jar!/org/json/JSONObject.class

You may wish to exclude one of them to ensure predictable runtime behavior

2025-02-10T14:25:38.958-05:00  INFO 17957 --- [receipts] [    Test worker] c.f.receipts.ReceiptsApplicationTests    : Starting ReceiptsApplicationTests using Java 17.0.8 with PID 17957 (started by branansmith in /Users/branansmith/Desktop/receipts)
2025-02-10T14:25:38.958-05:00  INFO 17957 --- [receipts] [    Test worker] c.f.receipts.ReceiptsApplicationTests    : No active profile set, falling back to 1 default profile: "default"
2025-02-10T14:25:39.334-05:00  INFO 17957 --- [receipts] [    Test worker] c.f.receipts.ReceiptsApplicationTests    : Started ReceiptsApplicationTests in 0.461 seconds (process running for 0.886)
]]></system-out>
  <system-err><![CDATA[]]></system-err>
</testsuite>
